<?xml version="1.0" encoding="UTF-8"?>
<!-- Generated by org.testng.reporters.JUnitReportReporter -->
<testsuite hostname="172.20.nate.com" name="AppiumDemo" tests="1" failures="0" timestamp="27 Aug 2015 06:15:27 GMT" time="2.076" errors="0">
  <testcase name="loginTest" time="2.076" classname="AppiumDemo"/>
</testsuite> <!-- AppiumDemo -->
